Linked: (/home/ws/Octo_crawler/src/flow_tank/catkin_ws/devel/.private/stm_interface/share/common-lisp/ros/stm_interface/srv/_package_RelayControl.lisp, /home/ws/Octo_crawler/src/flow_tank/catkin_ws/devel/share/common-lisp/ros/stm_interface/srv/_package_RelayControl.lisp)
Linked: (/home/ws/Octo_crawler/src/flow_tank/catkin_ws/devel/.private/stm_interface/share/common-lisp/ros/stm_interface/srv/_package.lisp, /home/ws/Octo_crawler/src/flow_tank/catkin_ws/devel/share/common-lisp/ros/stm_interface/srv/_package.lisp)
Linked: (/home/ws/Octo_crawler/src/flow_tank/catkin_ws/devel/.private/stm_interface/share/common-lisp/ros/stm_interface/srv/stm_interface-srv.asd, /home/ws/Octo_crawler/src/flow_tank/catkin_ws/devel/share/common-lisp/ros/stm_interface/srv/stm_interface-srv.asd)
Linked: (/home/ws/Octo_crawler/src/flow_tank/catkin_ws/devel/.private/stm_interface/share/common-lisp/ros/stm_interface/srv/RelayControl.lisp, /home/ws/Octo_crawler/src/flow_tank/catkin_ws/devel/share/common-lisp/ros/stm_interface/srv/RelayControl.lisp)
Linked: (/home/ws/Octo_crawler/src/flow_tank/catkin_ws/devel/.private/stm_interface/share/roseus/ros/stm_interface/manifest.l, /home/ws/Octo_crawler/src/flow_tank/catkin_ws/devel/share/roseus/ros/stm_interface/manifest.l)
Linked: (/home/ws/Octo_crawler/src/flow_tank/catkin_ws/devel/.private/stm_interface/share/roseus/ros/stm_interface/srv/RelayControl.l, /home/ws/Octo_crawler/src/flow_tank/catkin_ws/devel/share/roseus/ros/stm_interface/srv/RelayControl.l)
Linked: (/home/ws/Octo_crawler/src/flow_tank/catkin_ws/devel/.private/stm_interface/share/gennodejs/ros/stm_interface/_index.js, /home/ws/Octo_crawler/src/flow_tank/catkin_ws/devel/share/gennodejs/ros/stm_interface/_index.js)
Linked: (/home/ws/Octo_crawler/src/flow_tank/catkin_ws/devel/.private/stm_interface/share/gennodejs/ros/stm_interface/srv/_index.js, /home/ws/Octo_crawler/src/flow_tank/catkin_ws/devel/share/gennodejs/ros/stm_interface/srv/_index.js)
Linked: (/home/ws/Octo_crawler/src/flow_tank/catkin_ws/devel/.private/stm_interface/share/gennodejs/ros/stm_interface/srv/RelayControl.js, /home/ws/Octo_crawler/src/flow_tank/catkin_ws/devel/share/gennodejs/ros/stm_interface/srv/RelayControl.js)
Linked: (/home/ws/Octo_crawler/src/flow_tank/catkin_ws/devel/.private/stm_interface/share/stm_interface/cmake/stm_interfaceConfig-version.cmake, /home/ws/Octo_crawler/src/flow_tank/catkin_ws/devel/share/stm_interface/cmake/stm_interfaceConfig-version.cmake)
Linked: (/home/ws/Octo_crawler/src/flow_tank/catkin_ws/devel/.private/stm_interface/share/stm_interface/cmake/stm_interface-msg-extras.cmake, /home/ws/Octo_crawler/src/flow_tank/catkin_ws/devel/share/stm_interface/cmake/stm_interface-msg-extras.cmake)
Linked: (/home/ws/Octo_crawler/src/flow_tank/catkin_ws/devel/.private/stm_interface/share/stm_interface/cmake/stm_interfaceConfig.cmake, /home/ws/Octo_crawler/src/flow_tank/catkin_ws/devel/share/stm_interface/cmake/stm_interfaceConfig.cmake)
Linked: (/home/ws/Octo_crawler/src/flow_tank/catkin_ws/devel/.private/stm_interface/share/stm_interface/cmake/stm_interface-msg-paths.cmake, /home/ws/Octo_crawler/src/flow_tank/catkin_ws/devel/share/stm_interface/cmake/stm_interface-msg-paths.cmake)
Linked: (/home/ws/Octo_crawler/src/flow_tank/catkin_ws/devel/.private/stm_interface/lib/pkgconfig/stm_interface.pc, /home/ws/Octo_crawler/src/flow_tank/catkin_ws/devel/lib/pkgconfig/stm_interface.pc)
Linked: (/home/ws/Octo_crawler/src/flow_tank/catkin_ws/devel/.private/stm_interface/lib/python3/dist-packages/stm_interface/__init__.py, /home/ws/Octo_crawler/src/flow_tank/catkin_ws/devel/lib/python3/dist-packages/stm_interface/__init__.py)
Linked: (/home/ws/Octo_crawler/src/flow_tank/catkin_ws/devel/.private/stm_interface/lib/python3/dist-packages/stm_interface/srv/__init__.py, /home/ws/Octo_crawler/src/flow_tank/catkin_ws/devel/lib/python3/dist-packages/stm_interface/srv/__init__.py)
Linked: (/home/ws/Octo_crawler/src/flow_tank/catkin_ws/devel/.private/stm_interface/lib/python3/dist-packages/stm_interface/srv/_RelayControl.py, /home/ws/Octo_crawler/src/flow_tank/catkin_ws/devel/lib/python3/dist-packages/stm_interface/srv/_RelayControl.py)
Linked: (/home/ws/Octo_crawler/src/flow_tank/catkin_ws/devel/.private/stm_interface/include/stm_interface/RelayControlResponse.h, /home/ws/Octo_crawler/src/flow_tank/catkin_ws/devel/include/stm_interface/RelayControlResponse.h)
Linked: (/home/ws/Octo_crawler/src/flow_tank/catkin_ws/devel/.private/stm_interface/include/stm_interface/RelayControl.h, /home/ws/Octo_crawler/src/flow_tank/catkin_ws/devel/include/stm_interface/RelayControl.h)
Linked: (/home/ws/Octo_crawler/src/flow_tank/catkin_ws/devel/.private/stm_interface/include/stm_interface/RelayControlRequest.h, /home/ws/Octo_crawler/src/flow_tank/catkin_ws/devel/include/stm_interface/RelayControlRequest.h)
