Symlinking /home/ws/Octo_crawler/src/flow_tank/catkin_ws/devel/share/common-lisp/ros/stm_interface/srv/_package_RelayControl.lisp
Symlinking /home/ws/Octo_crawler/src/flow_tank/catkin_ws/devel/share/common-lisp/ros/stm_interface/srv/_package.lisp
Symlinking /home/ws/Octo_crawler/src/flow_tank/catkin_ws/devel/share/common-lisp/ros/stm_interface/srv/stm_interface-srv.asd
Symlinking /home/ws/Octo_crawler/src/flow_tank/catkin_ws/devel/share/common-lisp/ros/stm_interface/srv/RelayControl.lisp
Symlinking /home/ws/Octo_crawler/src/flow_tank/catkin_ws/devel/share/roseus/ros/stm_interface/manifest.l
Symlinking /home/ws/Octo_crawler/src/flow_tank/catkin_ws/devel/share/roseus/ros/stm_interface/srv/RelayControl.l
Symlinking /home/ws/Octo_crawler/src/flow_tank/catkin_ws/devel/share/gennodejs/ros/stm_interface/_index.js
Symlinking /home/ws/Octo_crawler/src/flow_tank/catkin_ws/devel/share/gennodejs/ros/stm_interface/srv/_index.js
Symlinking /home/ws/Octo_crawler/src/flow_tank/catkin_ws/devel/share/gennodejs/ros/stm_interface/srv/RelayControl.js
Symlinking /home/ws/Octo_crawler/src/flow_tank/catkin_ws/devel/share/stm_interface/cmake/stm_interfaceConfig-version.cmake
Symlinking /home/ws/Octo_crawler/src/flow_tank/catkin_ws/devel/share/stm_interface/cmake/stm_interface-msg-extras.cmake
Symlinking /home/ws/Octo_crawler/src/flow_tank/catkin_ws/devel/share/stm_interface/cmake/stm_interfaceConfig.cmake
Symlinking /home/ws/Octo_crawler/src/flow_tank/catkin_ws/devel/share/stm_interface/cmake/stm_interface-msg-paths.cmake
Symlinking /home/ws/Octo_crawler/src/flow_tank/catkin_ws/devel/lib/pkgconfig/stm_interface.pc
Symlinking /home/ws/Octo_crawler/src/flow_tank/catkin_ws/devel/lib/python3/dist-packages/stm_interface/__init__.py
Symlinking /home/ws/Octo_crawler/src/flow_tank/catkin_ws/devel/lib/python3/dist-packages/stm_interface/srv/__init__.py
Symlinking /home/ws/Octo_crawler/src/flow_tank/catkin_ws/devel/lib/python3/dist-packages/stm_interface/srv/_RelayControl.py
Symlinking /home/ws/Octo_crawler/src/flow_tank/catkin_ws/devel/include/stm_interface/RelayControlResponse.h
Symlinking /home/ws/Octo_crawler/src/flow_tank/catkin_ws/devel/include/stm_interface/RelayControl.h
Symlinking /home/ws/Octo_crawler/src/flow_tank/catkin_ws/devel/include/stm_interface/RelayControlRequest.h
